\BOOKMARK [1][]{section.1}{\376\377\116\000\060\001\000\040\225\356\230\230\221\315\217\360}{}% 1
\BOOKMARK [1][]{section.2}{\376\377\116\214\060\001\000\040\152\041\127\213\166\204\120\107\213\276\116\016\176\246\133\232}{}% 2
\BOOKMARK [1][]{section.3}{\376\377\116\011\060\001\000\040\225\356\230\230\122\006\147\220}{}% 3
\BOOKMARK [2][]{subsection.3.1}{\376\377\0003\000.\0001\000\040\225\356\230\230\116\000\122\006\147\220}{section.3}% 4
\BOOKMARK [2][]{subsection.3.2}{\376\377\0003\000.\0002\000\040\225\356\230\230\116\214\122\006\147\220}{section.3}% 5
\BOOKMARK [2][]{subsection.3.3}{\376\377\0003\000.\0003\000\040\225\356\230\230\116\011\122\006\147\220}{section.3}% 6
\BOOKMARK [1][]{section.4}{\376\377\126\333\060\001\000\040\152\041\127\213\136\372\172\313}{}% 7
\BOOKMARK [2][]{subsection.4.1}{\376\377\0004\000.\0001\000\040\173\046\123\367\213\364\146\016\123\312\124\015\213\315\211\343\221\312}{section.4}% 8
\BOOKMARK [3][]{subsubsection.4.1.1}{\376\377\0004\000.\0001\000.\0001\000\040\173\046\123\367\213\364\146\016}{subsection.4.1}% 9
\BOOKMARK [3][]{subsubsection.4.1.2}{\376\377\0004\000.\0001\000.\0002\000\040\124\015\213\315\211\343\221\312}{subsection.4.1}% 10
\BOOKMARK [2][]{subsection.4.2}{\376\377\0004\000.\0002\000\040\225\356\230\230\116\000}{section.4}% 11
\BOOKMARK [3][]{subsubsection.4.2.1}{\376\377\0004\000.\0002\000.\0001\000\040\152\041\127\213\166\204\136\372\172\313}{subsection.4.2}% 12
\BOOKMARK [3][]{subsubsection.4.2.2}{\376\377\0004\000.\0002\000.\0002\000\040\152\041\127\213\166\204\211\343}{subsection.4.2}% 13
\BOOKMARK [2][]{subsection.4.3}{\376\377\0004\000.\0003\000\040\225\356\230\230\116\214}{section.4}% 14
\BOOKMARK [3][]{subsubsection.4.3.1}{\376\377\0004\000.\0003\000.\0001\000\040\177\127\137\267\221\314\150\074\145\313\217\154\121\154\137\017}{subsection.4.3}% 15
\BOOKMARK [3][]{subsubsection.4.3.2}{\376\377\0004\000.\0003\000.\0002\000\040\152\041\127\213\166\204\136\372\172\313}{subsection.4.3}% 16
\BOOKMARK [3][]{subsubsection.4.3.3}{\376\377\0004\000.\0003\000.\0003\000\040\152\041\127\213\166\204\211\343}{subsection.4.3}% 17
\BOOKMARK [2][]{subsection.4.4}{\376\377\0004\000.\0004\000\040\225\356\230\230\116\011}{section.4}% 18
\BOOKMARK [3][]{subsubsection.4.4.1}{\376\377\0004\000.\0004\000.\0001\000\040\152\041\127\213\166\204\136\372\172\313}{subsection.4.4}% 19
\BOOKMARK [3][]{subsubsection.4.4.2}{\376\377\0004\000.\0004\000.\0002\000\040\152\041\127\213\166\204\211\343}{subsection.4.4}% 20
\BOOKMARK [1][]{section.5}{\376\377\116\224\060\001\000\040\170\024\172\166\142\020\147\234\122\006\147\220}{}% 21
\BOOKMARK [1][]{appendix.a.A}{\376\377\226\104\137\125\000\040\000A\000\040\145\057\144\221\147\120\145\231\122\027\210\150}{}% 22
\BOOKMARK [1][]{appendix.a.B}{\376\377\226\104\137\125\000\040\000B\000\040\173\054\116\000\225\356\000M\000A\000T\000L\000A\000B\116\343\170\001\116\000\000\050\131\047\153\145\225\177\000\051}{}% 23
\BOOKMARK [1][]{appendix.a.C}{\376\377\226\104\137\125\000\040\000C\000\040\173\054\116\000\225\356\000M\000A\000T\000L\000A\000B\116\343\170\001\116\214\000\050\134\017\153\145\225\177\000\051}{}% 24
\BOOKMARK [1][]{appendix.a.D}{\376\377\226\104\137\125\000\040\000D\000\040\173\054\116\214\225\356\000M\000A\000T\000L\000A\000B\116\343\170\001\116\000\000\050\131\047\153\145\225\177\000\051}{}% 25
\BOOKMARK [1][]{appendix.a.E}{\376\377\226\104\137\125\000\040\000E\000\040\173\054\116\214\225\356\000M\000A\000T\000L\000A\000B\116\343\170\001\116\214\000\050\134\017\153\145\225\177\000\051}{}% 26
\BOOKMARK [1][]{appendix.a.F}{\376\377\226\104\137\125\000\040\000F\000\040\173\054\116\214\225\356\000M\000A\000T\000L\000A\000B\116\343\170\001\116\011\000\050\230\166\160\271\000\051}{}% 27
\BOOKMARK [1][]{appendix.a.G}{\376\377\226\104\137\125\000\040\000G\000\040\173\054\116\011\225\356\000M\000A\000T\000L\000A\000B\116\343\170\001\116\000\000\050\173\133\220\011\135\345\117\134\123\072\127\337\000\051}{}% 28
\BOOKMARK [1][]{appendix.a.H}{\376\377\226\104\137\125\000\040\000H\000\040\173\054\116\011\225\356\000M\000A\000T\000L\000A\000B\116\343\170\001\116\214\000\050\154\102\000p\0001\000\051}{}% 29
\BOOKMARK [1][]{appendix.a.I}{\376\377\226\104\137\125\000\040\000I\000\040\173\054\116\011\225\356\000M\000A\000T\000L\000A\000B\116\343\170\001\116\011\000\050\154\102\000p\0002\000\051}{}% 30
